[debug] [2022-01-23T17:42:08.033Z] ----------------------------------------------------------------------
[debug] [2022-01-23T17:42:08.035Z] Command:       /home/bhuvan/.nvm/versions/node/v16.13.2/bin/node /home/bhuvan/.nvm/versions/node/v16.13.2/bin/firebase init
[debug] [2022-01-23T17:42:08.035Z] CLI Version:   10.1.2
[debug] [2022-01-23T17:42:08.035Z] Platform:      linux
[debug] [2022-01-23T17:42:08.035Z] Node Version:  v16.13.2
[debug] [2022-01-23T17:42:08.036Z] Time:          Sun Jan 23 2022 23:12:08 GMT+0530 (India Standard Time)
[debug] [2022-01-23T17:42:08.036Z] ----------------------------------------------------------------------
[debug] 
[debug] [2022-01-23T17:42:08.042Z] > command requires scopes: ["email","openid","https://www.googleapis.com/auth/cloudplatformprojects.readonly","https://www.googleapis.com/auth/firebase","https://www.googleapis.com/auth/cloud-platform"]
[debug] [2022-01-23T17:42:08.042Z] > authorizing via signed-in user (bhuvan10dec@gmail.com)
[info] 
     ######## #### ########  ######## ########     ###     ######  ########
     ##        ##  ##     ## ##       ##     ##  ##   ##  ##       ##
     ######    ##  ########  ######   ########  #########  ######  ######
     ##        ##  ##    ##  ##       ##     ## ##     ##       ## ##
     ##       #### ##     ## ######## ########  ##     ##  ######  ########

You're about to initialize a Firebase project in this directory:

  /home/bhuvan/Desktop/Zipfiles/newsapp

[info] 
=== Project Setup
[info] 
[info] First, let's associate this project directory with a Firebase project.
[info] You can create multiple project aliases by running firebase use --add, 
[info] but for now we'll just set up a default project.
[info] 
[debug] [2022-01-23T17:42:18.467Z] >>> [apiv2][query] GET https://firebase.googleapis.com/v1beta1/projects pageSize=100
[debug] [2022-01-23T17:42:19.181Z] <<< [apiv2][status] GET https://firebase.googleapis.com/v1beta1/projects 200
[debug] [2022-01-23T17:42:19.181Z] <<< [apiv2][body] GET https://firebase.googleapis.com/v1beta1/projects [omitted]
[info] i  Using project newsmonkey-12b86 (NewsMonkey) 
[info] 
=== Hosting Setup
[info] 
[info] Your public directory is the folder (relative to your project directory) that
[info] will contain Hosting assets to be uploaded with firebase deploy. If you
[info] have a build process for your assets, use your build's output directory.
[info] 
[debug] [2022-01-23T17:42:32.148Z] >>> [apiv2][query] GET https://www.gstatic.com/firebasejs/releases.json [none]
[debug] [2022-01-23T17:42:32.350Z] <<< [apiv2][status] GET https://www.gstatic.com/firebasejs/releases.json 200
[debug] [2022-01-23T17:42:32.351Z] <<< [apiv2][body] GET https://www.gstatic.com/firebasejs/releases.json {"current":{"version":"9.6.4","browserURL":"https://www.gstatic.com/firebasejs/9.6.4/firebase.js","packageURL":"https://www.gstatic.com/firebasejs/9.6.4/firebase.tgz"},"live":{"version":"9.6","browserURL":"https://www.gstatic.com/firebasejs/live/9.6/firebase.js","packageURL":"https://www.gstatic.com/firebasejs/live/9.6/firebase.tgz"},"components":{"analytics":"https://www.gstatic.com/firebasejs/9.6.4/firebase-analytics.js","app":"https://www.gstatic.com/firebasejs/9.6.4/firebase-app.js","app-check":"https://www.gstatic.com/firebasejs/9.6.4/firebase-app-check.js","auth":"https://www.gstatic.com/firebasejs/9.6.4/firebase-auth.js","auth/cordova":"https://www.gstatic.com/firebasejs/9.6.4/firebase-auth/cordova.js","auth/react-native":"https://www.gstatic.com/firebasejs/9.6.4/firebase-auth/react-native.js","functions":"https://www.gstatic.com/firebasejs/9.6.4/firebase-functions.js","firestore":"https://www.gstatic.com/firebasejs/9.6.4/firebase-firestore.js","firestore/lite":"https://www.gstatic.com/firebasejs/9.6.4/firebase-firestore/lite.js","storage":"https://www.gstatic.com/firebasejs/9.6.4/firebase-storage.js","performance":"https://www.gstatic.com/firebasejs/9.6.4/firebase-performance.js","remote-config":"https://www.gstatic.com/firebasejs/9.6.4/firebase-remote-config.js","messaging":"https://www.gstatic.com/firebasejs/9.6.4/firebase-messaging.js","messaging/sw":"https://www.gstatic.com/firebasejs/9.6.4/firebase-messaging/sw.js","database":"https://www.gstatic.com/firebasejs/9.6.4/firebase-database.js","firestore.memory":"https://www.gstatic.com/firebasejs/9.6.4/firebase-firestore.memory.js"}}
[info] i  Skipping write of public/index.html 
[info] 
[info] i  Detected a .git folder at /home/bhuvan/Desktop/Zipfiles/newsapp 
[info] i  Authorizing with GitHub to upload your service account to a GitHub repository's secrets store. 
[info] 
[info] Visit this URL on this device to log in:
[info] https://github.com/login/oauth/authorize?client_id=89cf50f02ac6aaed3484&state=600116457&redirect_uri=http%3A%2F%2Flocalhost%3A9005&scope=read%3Auser%20repo%20public_repo
[info] 
[info] Waiting for authentication...
[debug] [2022-01-23T17:42:36.728Z] >>> HTTP REQUEST POST https://github.com/login/oauth/access_token  
 {"client_id":"89cf50f02ac6aaed3484","client_secret":"3330d14abc895d9a74d5f17cd7a00711fa2c5bf0","code":"519a07d08392332e9fde","redirect_uri":"http://localhost:9005","state":"600116457"}
[debug] [2022-01-23T17:42:37.403Z] <<< HTTP RESPONSE 200 {"server":"GitHub.com","date":"Sun, 23 Jan 2022 17:42:37 GMT","content-type":"application/json; charset=utf-8","transfer-encoding":"chunked","vary":"X-PJAX, X-PJAX-Container, Accept-Encoding, Accept, X-Requested-With","permissions-policy":"interest-cohort=()","etag":"W/\"596e69a949c4a82c37b32db2a71c9f23\"","cache-control":"max-age=0, private, must-revalidate","strict-transport-security":"max-age=31536000; includeSubdomains; preload","x-frame-options":"deny","x-content-type-options":"nosniff","x-xss-protection":"0","referrer-policy":"origin-when-cross-origin, strict-origin-when-cross-origin","expect-ct":"max-age=2592000, report-uri=\"https://api.github.com/_private/browser/errors\"","content-security-policy":"default-src 'none'; base-uri 'self'; block-all-mixed-content; child-src github.com/assets-cdn/worker/ gist.github.com/assets-cdn/worker/; connect-src 'self' uploads.github.com objects-origin.githubusercontent.com www.githubstatus.com collector.githubapp.com api.github.com github-cloud.s3.amazonaws.com github-production-repository-file-5c1aeb.s3.amazonaws.com github-production-upload-manifest-file-7fdce7.s3.amazonaws.com github-production-user-asset-6210df.s3.amazonaws.com cdn.optimizely.com logx.optimizely.com/v1/events translator.github.com wss://alive.github.com; font-src github.githubassets.com; form-action 'self' github.com gist.github.com objects-origin.githubusercontent.com; frame-ancestors 'none'; frame-src render.githubusercontent.com viewscreen.githubusercontent.com notebooks.githubusercontent.com; img-src 'self' data: github.githubassets.com identicons.github.com collector.githubapp.com github-cloud.s3.amazonaws.com secured-user-images.githubusercontent.com/ *.githubusercontent.com; manifest-src 'self'; media-src github.com user-images.githubusercontent.com/; script-src github.githubassets.com; style-src 'unsafe-inline' github.githubassets.com; worker-src github.com/assets-cdn/worker/ gist.github.com/assets-cdn/worker/","x-github-request-id":"C71A:05A7:75F371:8AFBE3:61ED938C"}
[debug] [2022-01-23T17:42:37.464Z] >>> [apiv2][query] GET https://api.github.com/user [none]
[debug] [2022-01-23T17:42:38.018Z] <<< [apiv2][status] GET https://api.github.com/user 200
[debug] [2022-01-23T17:42:38.018Z] <<< [apiv2][body] GET https://api.github.com/user {"login":"Bhuvan1012","id":64322986,"node_id":"MDQ6VXNlcjY0MzIyOTg2","avatar_url":"https://avatars.githubusercontent.com/u/64322986?v=4","gravatar_id":"","url":"https://api.github.com/users/Bhuvan1012","html_url":"https://github.com/Bhuvan1012","followers_url":"https://api.github.com/users/Bhuvan1012/followers","following_url":"https://api.github.com/users/Bhuvan1012/following{/other_user}","gists_url":"https://api.github.com/users/Bhuvan1012/gists{/gist_id}","starred_url":"https://api.github.com/users/Bhuvan1012/starred{/owner}{/repo}","subscriptions_url":"https://api.github.com/users/Bhuvan1012/subscriptions","organizations_url":"https://api.github.com/users/Bhuvan1012/orgs","repos_url":"https://api.github.com/users/Bhuvan1012/repos","events_url":"https://api.github.com/users/Bhuvan1012/events{/privacy}","received_events_url":"https://api.github.com/users/Bhuvan1012/received_events","type":"User","site_admin":false,"name":null,"company":null,"blog":"","location":null,"email":null,"hireable":null,"bio":null,"twitter_username":null,"public_repos":17,"public_gists":0,"followers":0,"following":0,"created_at":"2020-04-25T16:27:29Z","updated_at":"2022-01-19T12:35:10Z","private_gists":0,"total_private_repos":0,"owned_private_repos":0,"disk_usage":12444,"collaborators":0,"two_factor_authentication":false,"plan":{"name":"free","space":976562499,"collaborators":0,"private_repos":10000}}
[info] 
[info] ✔  Success! Logged into GitHub as Bhuvan1012 
[info] 
